# Logfile created on Mon Mar 08 12:28:55 +0800 2010 by /
Worker started
0-321-0-26
Finish excel init procedure
Importing ...
78
2
Finish import data
5
8
11
14
21
29
37
39
45
49
54
58
63
73
82
90
100
104
108
112
114
118
120
123
126
129
131
133
136
141
143
145
147
149
152
154
157
160
166
176
186
188
193
201
204
209
216
220
223
231
235
239
243
247
250
252
255
257
260
263
266
268
270
272
283
297
300
302
304
306
308
310
312
314
316
318
Worker started
0-321-0-26
Finish excel init procedure
Importing ...
78
2
Finish import data
5
8
11
14
21
29
37
39
45
49
54
58
63
73
82
90
100
104
108
112
114
118
120
123
126
129
131
133
136
141
143
145
147
149
152
154
157
160
166
176
186
188
193
201
204
209
216
220
223
231
235
239
243
247
250
252
255
257
260
263
266
268
270
272
283
297
300
302
304
306
308
310
312
314
316
318
Worker started
0-321-0-26
Finish excel init procedure
Importing ...
78
2
Finish import data
Worker started
0-321-0-26
Finish excel init procedure
Importing ...
78
2
Finish import data
5
8
11
14
Worker started
Worker started
Worker started
0-321-0-26
Finish excel init procedure
Importing ...
78
Finish import data
2
5
8
11
14
21
29
37
39
45
49
54
58
63
73
82
90
100
104
108
112
114
118
120
123
126
129
131
133
136
141
143
145
147
149
152
154
157
160
166
176
186
188
193
201
204
209
216
220
223
231
235
239
243
247
250
252
255
257
260
263
266
268
270
272
283
297
300
302
304
306
308
310
312
314
316
318
